Mar 21, 2024 6:04:48 PM NoteKeeper main
INFO: Connecting to database...
Mar 21, 2024 6:04:49 PM NoteKeeper main
INFO: Creating table if not exists...
Mar 21, 2024 6:04:52 PM NoteKeeper retrieveNotes
INFO: Retrieving notes...
Mar 21, 2024 6:04:52 PM NoteKeeper renumberIDs
INFO: Renumbering note IDs...
Mar 21, 2024 6:04:52 PM NoteKeeper renumberIDs
INFO: Renumbering note IDs...
Mar 21, 2024 6:04:52 PM NoteKeeper renumberIDs
INFO: Renumbering note IDs...
Mar 21, 2024 6:04:52 PM NoteKeeper renumberIDs
INFO: Renumbering note IDs...
Mar 21, 2024 6:04:59 PM NoteKeeper addNote
INFO: Adding new note...
Mar 21, 2024 6:04:59 PM NoteKeeper renumberIDs
INFO: Renumbering note IDs...
Mar 21, 2024 6:05:31 PM NoteKeeper retrieveNotes
INFO: Retrieving notes...
Mar 21, 2024 6:05:31 PM NoteKeeper renumberIDs
INFO: Renumbering note IDs...
Mar 21, 2024 6:05:31 PM NoteKeeper renumberIDs
INFO: Renumbering note IDs...
Mar 21, 2024 6:05:31 PM NoteKeeper renumberIDs
INFO: Renumbering note IDs...
Mar 21, 2024 6:05:31 PM NoteKeeper renumberIDs
INFO: Renumbering note IDs...
Mar 21, 2024 6:05:31 PM NoteKeeper renumberIDs
INFO: Renumbering note IDs...
Mar 21, 2024 6:06:02 PM NoteKeeper deleteNotesByIds
INFO: Deleting notes by IDs...
Mar 21, 2024 6:06:02 PM NoteKeeper renumberIDs
INFO: Renumbering note IDs...
Mar 21, 2024 6:06:05 PM NoteKeeper retrieveNotes
INFO: Retrieving notes...
Mar 21, 2024 6:06:05 PM NoteKeeper retrieveNotes
INFO: No notes found.
Mar 21, 2024 6:06:05 PM NoteKeeper renumberIDs
INFO: Renumbering note IDs...
